<?xml version="1.0" encoding="UTF-8"?>
<testng-results ignored="0" total="1" passed="1" failed="0" skipped="0">
  <reporter-output>
  </reporter-output>
  <suite started-at="2019-06-05T03:18:00Z" name="Default suite" finished-at="2019-06-05T03:18:13Z" duration-ms="12714">
    <groups>
    </groups>
    <test started-at="2019-06-05T03:18:00Z" name="Default test" finished-at="2019-06-05T03:18:13Z" duration-ms="12714">
      <class name="homeWork.HomeWorkAboutWindowOnMay21">
        <test-method is-config="true" signature="openDriver()[pri:0, instance:homeWork.HomeWorkAboutWindowOnMay21@55b0dcab]" started-at="2019-06-05T03:18:00Z" name="openDriver" finished-at="2019-06-05T03:18:02Z" duration-ms="2022" status="PASS">
          <reporter-output>
          </reporter-output>
        </test-method> <!-- openDriver -->
        <test-method signature="windows()[pri:0, instance:homeWork.HomeWorkAboutWindowOnMay21@55b0dcab]" started-at="2019-06-05T03:18:02Z" name="windows" finished-at="2019-06-05T03:18:08Z" duration-ms="5589" status="PASS">
          <reporter-output>
          </reporter-output>
        </test-method> <!-- windows -->
        <test-method is-config="true" signature="tearDown()[pri:0, instance:homeWork.HomeWorkAboutWindowOnMay21@55b0dcab]" started-at="2019-06-05T03:18:08Z" name="tearDown" finished-at="2019-06-05T03:18:13Z" duration-ms="5089" status="PASS">
          <reporter-output>
          </reporter-output>
        </test-method> <!-- tearDown -->
      </class> <!-- homeWork.HomeWorkAboutWindowOnMay21 -->
    </test> <!-- Default test -->
  </suite> <!-- Default suite -->
</testng-results>
